22-03-2023 15:55:57	This log contains information about the import schema operation into project 'SchoolDatabase' on computer 'INFHM04-PC22' by user 'Infinire'.
22-03-2023 15:55:58	Import of database schema has started.
22-03-2023 15:56:03	Gathering database credentials
22-03-2023 15:56:03	Gathering database options
22-03-2023 15:56:03	Gathering generic database scoped configuration option
22-03-2023 15:56:03	Gathering users
22-03-2023 15:56:03	Gathering roles
22-03-2023 15:56:03	Gathering application roles
22-03-2023 15:56:03	Gathering role memberships
22-03-2023 15:56:03	Gathering filegroups
22-03-2023 15:56:03	Gathering full-text catalogs
22-03-2023 15:56:04	Gathering assemblies
22-03-2023 15:56:04	Gathering certificates
22-03-2023 15:56:04	Gathering asymmetric keys
22-03-2023 15:56:04	Gathering symmetric keys
22-03-2023 15:56:04	Gathering encrypted symmetric keys
22-03-2023 15:56:04	Gathering schemas
22-03-2023 15:56:04	Gathering XML schema collections
22-03-2023 15:56:04	Gathering user-defined data types
22-03-2023 15:56:04	Gathering user-defined types
22-03-2023 15:56:04	Gathering table types
22-03-2023 15:56:04	Gathering unique keys for table types
22-03-2023 15:56:04	Gathering primary keys for table types
22-03-2023 15:56:04	Gathering indexes for table types
22-03-2023 15:56:04	Gathering check constraints for table types
22-03-2023 15:56:04	Gathering default constraints for table types
22-03-2023 15:56:04	Gathering partition functions
22-03-2023 15:56:04	Gathering partition schemes
22-03-2023 15:56:04	Gathering functions
22-03-2023 15:56:04	Gathering encrypted functions
22-03-2023 15:56:04	Gathering aggregates
22-03-2023 15:56:04	Gathering procedures
22-03-2023 15:56:04	Gathering encrypted procedures
22-03-2023 15:56:04	Gathering tables
22-03-2023 15:56:04	Gathering primary keys
22-03-2023 15:56:04	Gathering unique constraints
22-03-2023 15:56:04	Gathering foreign keys
22-03-2023 15:56:04	Gathering default constraints
22-03-2023 15:56:04	Gathering check constraints
22-03-2023 15:56:04	Gathering views
22-03-2023 15:56:04	Gathering encrypted views
22-03-2023 15:56:04	Gathering indexes
22-03-2023 15:56:04	Gathering statistics
22-03-2023 15:56:04	Gathering full-text index stoplists
22-03-2023 15:56:04	Gathering search property lists
22-03-2023 15:56:04	Gathering search properties
22-03-2023 15:56:04	Gathering full-text indexes
22-03-2023 15:56:04	Gathering column store indexes
22-03-2023 15:56:04	Gathering spatial indexes
22-03-2023 15:56:04	Gathering XML indexes
22-03-2023 15:56:04	Gathering Selective XML indexes
22-03-2023 15:56:04	Gathering encrypted triggers
22-03-2023 15:56:04	Gathering triggers
22-03-2023 15:56:04	Gathering encrypted and clr ddl triggers
22-03-2023 15:56:04	Gathering ddl triggers
22-03-2023 15:56:04	Creating edge constraints
22-03-2023 15:56:04	Gathering synonyms
22-03-2023 15:56:04	Gathering defaults
22-03-2023 15:56:04	Gathering data constraint uddt bindings
22-03-2023 15:56:04	Gathering rules
22-03-2023 15:56:04	Gathering data constraint uddt bindings
22-03-2023 15:56:04	Gathering message types
22-03-2023 15:56:04	Gathering queues
22-03-2023 15:56:04	Gathering contracts
22-03-2023 15:56:04	Gathering services
22-03-2023 15:56:04	Gathering event notifications
22-03-2023 15:56:04	Gathering remote service bindings
22-03-2023 15:56:04	Gathering broker priorities
22-03-2023 15:56:04	Gathering signatures
22-03-2023 15:56:04	Gathering data compression options
22-03-2023 15:56:04	Gathering sequence types
22-03-2023 15:56:04	Gathering security policies
22-03-2023 15:56:04	Gather column encryption keys
22-03-2023 15:56:04	Gathering column master keys
22-03-2023 15:56:04	Gathering external data sources
22-03-2023 15:56:04	Gathering external file formats
22-03-2023 15:56:04	Gathering external tables
22-03-2023 15:56:04	Gathering extended properties
22-03-2023 15:56:04	Gathering assemblies
22-03-2023 15:56:04	Gathering credentials
22-03-2023 15:56:04	Gathering logins
22-03-2023 15:56:04	Gathering server audits
22-03-2023 15:56:05	Scanning project for duplicate elements
22-03-2023 15:56:05	Finished duplicate element processing
22-03-2023 15:56:05	Finished importing database.
22-03-2023 15:56:05	A summary of the import was saved to the following location: C:\DemoShoppingCart\School\Database1\Import Schema Logs\SchoolDatabase_20230322102557.log
22-03-2023 15:56:05	Click Finish to continue...
